
PLAY [Install Nginx webserver] ******************************************************************************************

TASK [Gathering Facts] **************************************************************************************************
ok: [centos1]

TASK [nginx : Check if Nginx is installed] ******************************************************************************
ok: [centos1]

TASK [nginx : Start Nginx service] **************************************************************************************
skipping: [centos1]

TASK [nginx : debug] ****************************************************************************************************
ok: [centos1] => {
    "msg": [
        "stage02: Start nginx service"
    ]
}

TASK [nginx : Enable autostart Nginx service] ***************************************************************************
skipping: [centos1]

TASK [nginx : debug] ****************************************************************************************************
ok: [centos1] => {
    "msg": [
        "stage03: Enable nginx service"
    ]
}

PLAY RECAP **************************************************************************************************************
centos1                    : ok=4    changed=0    unreachable=0    failed=0    skipped=2    rescued=0    ignored=0   

